<?xml version="1.0" encoding="UTF-8"?>
<!-- Generated by org.testng.reporters.JUnitReportReporter -->
<testsuite hostname="DESKTOP-IJOKCR5" failures="0" tests="1" name="com.qa.testdata.SignInTest" time="11.200" errors="0" timestamp="2024-02-17T14:51:23 EST" skipped="0">
  <testcase classname="com.qa.testdata.SignInTest" name="SignInPageTitleTest" time="11.200"/>
</testsuite> <!-- com.qa.testdata.SignInTest -->
