<?xml version="1.0" encoding="UTF-8"?>
<!-- Generated by org.testng.reporters.JUnitReportReporter -->
<testsuite hostname="DESKTOP-IJOKCR5" failures="0" tests="3" name="com.qa.tests.ShopDealsPageTest" time="60.541" errors="0" timestamp="2024-03-07T00:05:06 EST" skipped="0">
  <testcase classname="com.qa.tests.ShopDealsPageTest" name="ShopDealsPageTitleTest" time="22.132"/>
  <testcase classname="com.qa.tests.ShopDealsPageTest" name="verifyShopDealsPage" time="16.179"/>
  <testcase classname="com.qa.tests.ShopDealsPageTest" name="VerifySearchList" time="22.230"/>
</testsuite> <!-- com.qa.tests.ShopDealsPageTest -->
