<?xml version="1.0" encoding="UTF-8"?>
<!-- Generated by org.testng.reporters.JUnitReportReporter -->
<testsuite hostname="DESKTOP-IJOKCR5" failures="0" tests="5" name="com.qa.tests.HomePageTest" time="90.997" errors="0" timestamp="2024-03-10T17:41:45 EDT" skipped="0">
  <testcase classname="com.qa.tests.HomePageTest" name="HomePageTitleTest" time="20.528"/>
  <testcase classname="com.qa.tests.HomePageTest" name="verifyUsername" time="20.550"/>
  <testcase classname="com.qa.tests.HomePageTest" name="verifyShopDeals" time="15.921"/>
  <testcase classname="com.qa.tests.HomePageTest" name="verifyRegistryPage" time="17.596"/>
  <testcase classname="com.qa.tests.HomePageTest" name="verifyDropdownList" time="16.402"/>
</testsuite> <!-- com.qa.tests.HomePageTest -->
