<?xml version="1.0" encoding="UTF-8"?>
<!-- Generated by org.testng.reporters.JUnitReportReporter -->
<testsuite hostname="DESKTOP-IJOKCR5" failures="0" tests="3" name="com.qa.tests.SignInTest" time="39.952" errors="0" timestamp="2024-03-10T17:41:45 EDT" skipped="0">
  <testcase classname="com.qa.tests.SignInTest" name="SignInPageTitleTest" time="10.328"/>
  <testcase classname="com.qa.tests.SignInTest" name="validateLogo" time="13.195"/>
  <testcase classname="com.qa.tests.SignInTest" name="SignIn" time="16.429"/>
</testsuite> <!-- com.qa.tests.SignInTest -->
